<?xml version="1.0" encoding="UTF-8"?>
<!-- Generated by org.testng.reporters.JUnitReportReporter -->
<testsuite hostname="TY-SHWETHA-M" failures="0" tests="1" name="Practice_Maven.Demo" time="0.007" errors="0" timestamp="2023-01-20T12:02:01 IST" skipped="0">
  <testcase classname="Practice_Maven.Demo" name="demo" time="0.007"/>
  <system-out/>
</testsuite> <!-- Practice_Maven.Demo -->
