<?xml version="1.0" encoding="UTF-8"?>
<!-- Generated by org.testng.reporters.JUnitReportReporter -->
<testsuite hostname="TY-SHWETHA-M" failures="0" tests="2" name="Practice_Maven.TestScript_01" time="0.007" errors="0" timestamp="2023-01-17T17:31:11 IST" skipped="0">
  <testcase classname="Practice_Maven.TestScript_01" name="script02" time="0.001"/>
  <system-out/>
  <testcase classname="Practice_Maven.TestScript_01" name="script01" time="0.006"/>
  <system-out/>
</testsuite> <!-- Practice_Maven.TestScript_01 -->
