<?xml version="1.0" encoding="UTF-8"?>
<!-- Generated by org.testng.reporters.JUnitReportReporter -->
<testsuite hostname="TY-SHWETHA-M" failures="0" tests="1" name="Maven_Screipot.UpdateTest" time="0.012" errors="0" timestamp="2023-01-18T13:20:25 IST" skipped="0">
  <testcase classname="Maven_Screipot.UpdateTest" name="create" time="0.012"/>
  <system-out/>
</testsuite> <!-- Maven_Screipot.UpdateTest -->
