<?xml version="1.0" encoding="UTF-8"?>
<!-- Generated by org.testng.reporters.JUnitReportReporter -->
<testsuite hostname="TY-SHWETHA-M" failures="0" tests="2" name="Practice_Maven.TestScript_02" time="0.002" errors="0" timestamp="2023-01-17T17:31:11 IST" skipped="0">
  <testcase classname="Practice_Maven.TestScript_02" name="script03" time="0.001"/>
  <system-out/>
  <testcase classname="Practice_Maven.TestScript_02" name="script04" time="0.001"/>
  <system-out/>
</testsuite> <!-- Practice_Maven.TestScript_02 -->
