<?xml version="1.0" encoding="UTF-8"?>
<!-- Generated by org.testng.reporters.JUnitReportReporter -->
<testsuite hostname="TY-SHWETHA-M" failures="0" tests="1" name="Maven_Screipot.CreateTest" time="0.011" errors="0" timestamp="2023-01-18T13:13:49 IST" skipped="0">
  <testcase classname="Maven_Screipot.CreateTest" name="create" time="0.011"/>
  <system-out/>
</testsuite> <!-- Maven_Screipot.CreateTest -->
